[debug] [2018-05-22T13:59:09.895Z] ----------------------------------------------------------------------
[debug] [2018-05-22T13:59:09.899Z] Command:       /usr/bin/node /usr/bin/firebase init
[debug] [2018-05-22T13:59:09.899Z] CLI Version:   3.18.4
[debug] [2018-05-22T13:59:09.899Z] Platform:      linux
[debug] [2018-05-22T13:59:09.899Z] Node Version:  v8.11.1
[debug] [2018-05-22T13:59:09.899Z] Time:          Tue May 22 2018 20:59:09 GMT+0700 (WIB)
[debug] [2018-05-22T13:59:09.899Z] ----------------------------------------------------------------------
[debug] 
[debug] [2018-05-22T13:59:09.958Z] > command requires scopes: ["email","openid","https://www.googleapis.com/auth/cloudplatformprojects.readonly","https://www.googleapis.com/auth/firebase"]
[debug] [2018-05-22T13:59:09.959Z] > authorizing via signed-in user
[info] 
     ######## #### ########  ######## ########     ###     ######  ########
     ##        ##  ##     ## ##       ##     ##  ##   ##  ##       ##
     ######    ##  ########  ######   ########  #########  ######  ######
     ##        ##  ##    ##  ##       ##     ## ##     ##       ## ##
     ##       #### ##     ## ######## ########  ##     ##  ######  ########

You're about to initialize a Firebase project in this directory:

  /home/sein/Documents/pelatihan/phase2/portofolio/2-todoFancy/client-todofancy/client

Before we get started, keep in mind:

  * You are initializing in an existing Firebase project directory

[info] 
=== Project Setup
[info] 
[info] First, let's associate this project directory with a Firebase project.
[info] You can create multiple project aliases by running firebase use --add, 
[info] but for now we'll just set up a default project.
[info] 
[debug] [2018-05-22T13:59:13.622Z] > refreshing access token with scopes: ["email","https://www.googleapis.com/auth/cloudplatformprojects.readonly","https://www.googleapis.com/auth/firebase","openid"]
[debug] [2018-05-22T13:59:13.623Z] >>> HTTP REQUEST POST https://www.googleapis.com/oauth2/v3/token  
 { refresh_token: '1/r3AkMCzgamhy9XznCN43iW1QkM_gQE8nTIjCrlg5FMg',
  client_id: '563584335869-fgrhgmd47bqnekij5i8b5pr03ho849e6.apps.googleusercontent.com',
  client_secret: 'j9iVZfS8kkCEFUPaAeJV0sAi',
  grant_type: 'refresh_token',
  scope: 'email https://www.googleapis.com/auth/cloudplatformprojects.readonly https://www.googleapis.com/auth/firebase openid' } 
 Tue May 22 2018 20:59:13 GMT+0700 (WIB)
[debug] [2018-05-22T13:59:14.307Z] <<< HTTP RESPONSE 200
[debug] [2018-05-22T13:59:14.377Z] >>> HTTP REQUEST GET https://admin.firebase.com/v1/projects  
  
 Tue May 22 2018 20:59:14 GMT+0700 (WIB)
[debug] [2018-05-22T13:59:15.971Z] <<< HTTP RESPONSE 200
[info] i  .firebaserc already has a default project, skipping
[info] 
=== Hosting Setup
[info] 
[info] Your public directory is the folder (relative to your project directory) that
[info] will contain Hosting assets to be uploaded with firebase deploy. If you
[info] have a build process for your assets, use your build's output directory.
[info] 
